--- Copying files at Mon Nov  7 06:12:26 UTC 2022
--- Copying files at Mon Nov  7 07:26:59 UTC 2022
--- Copying files at Mon Nov  7 10:10:50 UTC 2022
--- Copying files at Mon Nov  7 10:37:46 UTC 2022
--- Copying files at Mon Nov  7 11:39:52 UTC 2022
--- Copying files at Mon Nov  7 11:43:29 UTC 2022
--- Copying files at Mon Nov  7 11:47:07 UTC 2022
--- Copying files at Mon Nov  7 12:07:32 UTC 2022
--- Copying files at Mon Nov  7 13:19:09 UTC 2022
--- Copying files at Mon Nov  7 14:24:24 UTC 2022
--- Copying files at Mon Nov  7 15:05:54 UTC 2022
--- Copying files at Mon Nov  7 15:09:22 UTC 2022
--- Copying files at Mon Nov  7 15:44:28 UTC 2022
--- Copying files at Tue Nov  8 10:43:44 UTC 2022
--- Copying files at Tue Nov  8 10:45:57 UTC 2022
--- Copying files at Tue Nov  8 12:29:54 UTC 2022
--- Copying files at Tue Nov  8 13:02:22 UTC 2022
--- Copying files at Tue Nov  8 13:48:30 UTC 2022
--- Copying files at Tue Nov  8 14:06:12 UTC 2022
--- Copying files at Tue Nov  8 14:38:54 UTC 2022
--- Copying files at Tue Nov  8 14:43:09 UTC 2022
--- Copying files at Tue Nov  8 15:52:49 UTC 2022
--- Copying files at Thu Nov 10 16:07:05 UTC 2022
--- Copying files at Thu Nov 10 16:51:43 UTC 2022
--- Copying files at Thu Nov 10 18:19:40 UTC 2022
--- Copying files at Thu Nov 10 18:42:47 UTC 2022
--- Copying files at Fri Nov 11 06:16:47 UTC 2022
--- Copying files at Fri Nov 11 10:12:11 UTC 2022
--- Copying files at Fri Nov 11 11:00:53 UTC 2022
--- Copying files at Fri Nov 11 11:26:37 UTC 2022
--- Copying files at Fri Nov 11 14:06:55 UTC 2022
--- Copying files at Sun Nov 13 06:32:24 UTC 2022
--- Copying files at Sun Nov 13 06:34:39 UTC 2022
--- Copying files at Sun Nov 13 07:13:57 UTC 2022
--- Copying files at Sun Nov 13 08:57:19 UTC 2022
--- Copying files at Sun Nov 13 10:07:13 UTC 2022
--- Copying files at Sun Nov 13 10:32:21 UTC 2022
--- Copying files at Sun Nov 13 10:49:28 UTC 2022
--- Copying files at Sun Nov 13 11:05:48 UTC 2022
--- Copying files at Mon Nov 14 11:09:04 UTC 2022
--- Copying files at Mon Nov 14 11:27:05 UTC 2022
--- Copying files at Mon Nov 14 12:01:37 UTC 2022
--- Copying files at Mon Nov 14 12:06:19 UTC 2022
--- Copying files at Mon Nov 14 12:14:33 UTC 2022
