Started at Mon Nov 14 12:43:24 UTC 2022
Processing ansible-test
Offering ansible-test to Project Build Discarder
Processing backup-to-aws
Offering backup-to-aws to Project Build Discarder
Processing ENV
Offering ENV to Project Build Discarder
Processing maven-job
Offering maven-job to Project Build Discarder
Processing remote-task
Offering remote-task to Project Build Discarder
Finished at Mon Nov 14 12:43:24 UTC 2022. 15ms
Started at Mon Nov 14 13:43:24 UTC 2022
Processing ansible-test
Offering ansible-test to Project Build Discarder
Processing backup-to-aws
Offering backup-to-aws to Project Build Discarder
Processing ENV
Offering ENV to Project Build Discarder
Processing maven-job
Offering maven-job to Project Build Discarder
Processing remote-task
Offering remote-task to Project Build Discarder
Finished at Mon Nov 14 13:43:24 UTC 2022. 2ms
